<?xml version="1.0" encoding="UTF-8"?>
<!-- Generated by org.testng.reporters.JUnitReportReporter -->
<testsuite skipped="0" hostname="DESKTOP-8NUBRSJ" name="com.jbk.Login2" tests="1" failures="0" timestamp="2022-01-27T12:42:23 IST" time="8.640" errors="0">
  <testcase name="verifyDashboard" time="8.640" classname="com.jbk.Login2"/>
  <system-out/>
</testsuite> <!-- com.jbk.Login2 -->
