<?xml version="1.0" encoding="UTF-8"?>
<!-- Generated by org.testng.reporters.JUnitReportReporter -->
<testsuite skipped="0" hostname="DESKTOP-8NUBRSJ" name="com.jbk.Login" tests="2" failures="0" timestamp="2022-01-29T13:56:36 IST" time="59.545" errors="0">
  <testcase name="verifyUserPage" time="20.390" classname="com.jbk.Login"/>
  <system-out/>
  <testcase name="verifyDPHeader" time="39.155" classname="com.jbk.Login"/>
  <system-out/>
</testsuite> <!-- com.jbk.Login -->
