<?xml version="1.0" encoding="UTF-8"?>
<!-- Generated by org.testng.reporters.JUnitReportReporter -->
<testsuite skipped="0" hostname="DESKTOP-8NUBRSJ" name="com.Exel.ReadEx" tests="2" failures="0" timestamp="2022-02-10T18:08:05 IST" time="8.018" errors="0">
  <testcase name="Read" time="0.058" classname="com.Exel.ReadEx"/>
  <system-out/>
  <testcase name="LoginTest" time="7.960" classname="com.Exel.ReadEx"/>
  <system-out/>
</testsuite> <!-- com.Exel.ReadEx -->
