<?xml version="1.0" encoding="UTF-8"?>
<!-- Generated by org.testng.reporters.JUnitReportReporter -->
<testsuite skipped="0" hostname="DESKTOP-8NUBRSJ" name="com.Exel.WriteEx2" tests="1" failures="0" timestamp="2022-02-11T21:58:33 IST" time="10.650" errors="0">
  <testcase name="test01" time="10.650" classname="com.Exel.WriteEx2"/>
  <system-out/>
</testsuite> <!-- com.Exel.WriteEx2 -->
