<?xml version="1.0" encoding="UTF-8"?>
<!-- Generated by org.testng.reporters.JUnitReportReporter -->
<testsuite skipped="0" hostname="DESKTOP-8NUBRSJ" name="com.Exel.ReadExelEx" tests="1" failures="0" timestamp="2022-02-10T18:11:53 IST" time="0.873" errors="0">
  <testcase name="getExeldata" time="0.873" classname="com.Exel.ReadExelEx"/>
  <system-out/>
</testsuite> <!-- com.Exel.ReadExelEx -->
