<?xml version="1.0" encoding="UTF-8"?>
<!-- Generated by org.testng.reporters.JUnitReportReporter -->
<testsuite skipped="0" hostname="DESKTOP-8NUBRSJ" name="com.Exel.ExelWithDp" tests="3" failures="0" timestamp="2022-02-11T23:11:49 IST" time="30.883" errors="0">
  <testcase name="test01" time="9.214" classname="com.Exel.ExelWithDp"/>
  <system-out/>
  <testcase name="test01" time="6.705" classname="com.Exel.ExelWithDp"/>
  <system-out/>
  <testcase name="test01" time="14.964" classname="com.Exel.ExelWithDp"/>
  <system-out/>
</testsuite> <!-- com.Exel.ExelWithDp -->
