<?xml version="1.0" encoding="UTF-8"?>
<!-- Generated by org.testng.reporters.JUnitReportReporter -->
<testsuite skipped="0" hostname="DESKTOP-8NUBRSJ" name="com.Exel.ReadEx2Register" tests="2" failures="0" timestamp="2022-02-08T23:10:54 IST" time="33.939" errors="0">
  <testcase name="LoginTest" time="33.854" classname="com.Exel.ReadEx2Register"/>
  <system-out/>
  <testcase name="Read" time="0.085" classname="com.Exel.ReadEx2Register"/>
  <system-out/>
</testsuite> <!-- com.Exel.ReadEx2Register -->
